1.2857 	WARNING 	Monitor specification not found. Creating a temporary one...
5.0312 	WARNING 	Movie2 stim could not be imported and won't be available
6.8831 	WARNING 	User requested fullscreen with size [800 600], but screen is actually [1920, 1080]. Using actual size
7.6614 	EXP 	Created window1 = Window(allowGUI=False, allowStencil=False, autoLog=True, bitsMode=UNKNOWN, blendMode='avg', color=array([ 0.,  0.,  0.]), colorSpace='rgb', fullscr=UNKNOWN, gamma=None, lms=UNKNOWN, monitor=<psychopy.monitors.calibTools.Monitor instance at 0xa91c7e0c>, name='window1', pos=[0, 0], screen=0, size=array([1920, 1080]), stereo=False, units=u'norm', useFBO=True, viewOri=0.0, viewPos=None, viewScale=None, waitBlanking=True, winType='pyglet')
7.6615 	EXP 	window1: recordFrameIntervals = False
7.8260 	EXP 	window1: recordFrameIntervals = True
8.0098 	EXP 	window1: recordFrameIntervals = False
8.1022 	EXP 	Created unnamed TextStim = TextStim(alignHoriz='center', alignVert='center', antialias=True, autoLog=True, bold=False, color=array([ 1.,  1.,  1.]), colorSpace='rgb', contrast=1.0, depth=0.01, flipHoriz=False, flipVert=False, font='', fontFiles=[], height=0.1, italic=False, name='unnamed TextStim', opacity=1.0, ori=0.0, pos=array([ 0.,  0.]), rgb=array([ 1.,  1.,  1.]), text=unicode(...), units=u'norm', win=Window(...), wrapWidth=1.5)
8.1151 	EXP 	Created unnamed TextStim = TextStim(alignHoriz='center', alignVert='center', antialias=True, autoLog=True, bold=False, color=array([ 1.,  1.,  1.]), colorSpace='rgb', contrast=1.0, depth=0.01, flipHoriz=False, flipVert=False, font='', fontFiles=[], height=0.1, italic=False, name='unnamed TextStim', opacity=1.0, ori=0.0, pos=array([ 0.,  0.]), rgb=array([ 1.,  1.,  1.]), text=unicode(...), units=u'norm', win=Window(...), wrapWidth=1.5)
8.1299 	EXP 	Created unnamed TextStim = TextStim(alignHoriz='center', alignVert='center', antialias=True, autoLog=True, bold=False, color=array([ 1.,  1.,  1.]), colorSpace='rgb', contrast=1.0, depth=0.01, flipHoriz=False, flipVert=False, font='', fontFiles=[], height=0.1, italic=False, name='unnamed TextStim', opacity=1.0, ori=0.0, pos=array([ 0.,  0.]), rgb=array([ 1.,  1.,  1.]), text=unicode(...), units=u'norm', win=Window(...), wrapWidth=1.5)
8.1447 	EXP 	Created unnamed TextStim = TextStim(alignHoriz='center', alignVert='center', antialias=True, autoLog=True, bold=False, color=array([ 1.,  1.,  1.]), colorSpace='rgb', contrast=1.0, depth=0.01, flipHoriz=False, flipVert=False, font='', fontFiles=[], height=0.1, italic=False, name='unnamed TextStim', opacity=1.0, ori=0.0, pos=array([ 0.,  0.]), rgb=array([ 1.,  1.,  1.]), text=unicode(...), units=u'norm', win=Window(...), wrapWidth=1.5)
8.1732 	EXP 	Created unnamed TextStim = TextStim(alignHoriz='center', alignVert='center', antialias=True, autoLog=True, bold=False, color=array([ 1.,  1.,  1.]), colorSpace='rgb', contrast=1.0, depth=0.01, flipHoriz=False, flipVert=False, font='', fontFiles=[], height=0.1, italic=False, name='unnamed TextStim', opacity=1.0, ori=0.0, pos=array([ 0.,  0.]), rgb=array([ 1.,  1.,  1.]), text=unicode(...), units=u'norm', win=Window(...), wrapWidth=1.5)
8.1813 	EXP 	Created unnamed TextStim = TextStim(alignHoriz='center', alignVert='center', antialias=True, autoLog=True, bold=False, color=array([ 1.,  1.,  1.]), colorSpace='rgb', contrast=1.0, depth=0.01, flipHoriz=False, flipVert=False, font='', fontFiles=[], height=0.1, italic=False, name='unnamed TextStim', opacity=1.0, ori=0.0, pos=array([ 0.,  0.]), rgb=array([ 1.,  1.,  1.]), text=u'Waiting for the experimenter.', units=u'norm', win=Window(...), wrapWidth=1.5)
8.1877 	EXP 	Created unnamed TextStim = TextStim(alignHoriz='center', alignVert='center', antialias=True, autoLog=True, bold=False, color=array([ 1.,  1.,  1.]), colorSpace='rgb', contrast=1.0, depth=0.01, flipHoriz=False, flipVert=False, font='', fontFiles=[], height=0.1, italic=False, name='unnamed TextStim', opacity=1.0, ori=0.0, pos=array([ 0.,  0.]), rgb=array([ 1.,  1.,  1.]), text=u'Waiting for machine.', units=u'norm', win=Window(...), wrapWidth=1.5)
8.1893 	EXP 	Created unnamed TextStim = TextStim(alignHoriz='center', alignVert='center', antialias=True, autoLog=True, bold=False, color=array([ 1.,  1.,  1.]), colorSpace='rgb', contrast=1.0, depth=0.01, flipHoriz=False, flipVert=False, font='', fontFiles=[], height=0.1, italic=False, name='unnamed TextStim', opacity=1.0, ori=0.0, pos=array([ 0.,  0.]), rgb=array([ 1.,  1.,  1.]), text=u'', units=u'norm', win=Window(...), wrapWidth=1.5)
8.1959 	EXP 	Created unnamed TextStim = TextStim(alignHoriz='center', alignVert='center', antialias=True, autoLog=True, bold=False, color=array([ 1.,  1.,  1.]), colorSpace='rgb', contrast=1.0, depth=0.01, flipHoriz=False, flipVert=False, font='', fontFiles=[], height=0.1, italic=False, name='unnamed TextStim', opacity=1.0, ori=0.0, pos=array([ 0.,  0.]), rgb=array([ 1.,  1.,  1.]), text=u'Task complete.', units=u'norm', win=Window(...), wrapWidth=1.5)
8.1964 	EXP 	<method-wrapper '__getattribute__' of attributeSetter object at 0xa931c88c>: vertices = array([[-0.12,  0.16],
       [ 0.12,  0.16],
       [ 0.12, -0.16],
       [-0.12, -0.16]])
8.1997 	EXP 	Created FrameNorth = Rect(autoDraw=False, autoLog=True, closeShape=True, contrast=1.0, depth=0, fillColor=array([ 0.5,  0.5,  0.5]), fillColorSpace='rgb', fillRGB=array([ 0.5,  0.5,  0.5]), interpolate=True, lineColor=array([-1., -1., -1.]), lineColorSpace='rgb', lineRGB=array([-1., -1., -1.]), lineWidth=0, name='FrameNorth', opacity=1.0, ori=array(0.0), pos=array([ 0.  ,  0.22]), size=array([ 1.,  1.]), units='height', vertices=ndarray(...), win=Window(...))
8.2002 	EXP 	<method-wrapper '__getattribute__' of attributeSetter object at 0xa931c88c>: vertices = array([[-0.12,  0.16],
       [ 0.12,  0.16],
       [ 0.12, -0.16],
       [-0.12, -0.16]])
8.2034 	EXP 	Created FrameSouth = Rect(autoDraw=False, autoLog=True, closeShape=True, contrast=1.0, depth=0, fillColor=array([ 0.5,  0.5,  0.5]), fillColorSpace='rgb', fillRGB=array([ 0.5,  0.5,  0.5]), interpolate=True, lineColor=array([-1., -1., -1.]), lineColorSpace='rgb', lineRGB=array([-1., -1., -1.]), lineWidth=0, name='FrameSouth', opacity=1.0, ori=array(0.0), pos=array([ 0.  , -0.22]), size=array([ 1.,  1.]), units='height', vertices=ndarray(...), win=Window(...))
8.2066 	EXP 	Created PostCueInterval = TextStim(alignHoriz='center', alignVert='center', antialias=True, autoLog=True, bold=False, color='white', colorSpace='named', contrast=1.0, depth=-4.0, flipHoriz=False, flipVert=False, font='Arial', fontFiles=[], height=0.1, italic=False, name='PostCueInterval', opacity=1.0, ori=0, pos=array([ 0.,  0.]), rgb=array([ 255.,  255.,  255.]), text='', units=u'norm', win=Window(...), wrapWidth=1)
8.2105 	EXP 	Created Fixation = TextStim(alignHoriz='center', alignVert='center', antialias=True, autoLog=True, bold=False, color='white', colorSpace='named', contrast=1.0, depth=-1.0, flipHoriz=False, flipVert=False, font='Arial', fontFiles=[], height=0.1, italic=False, name='Fixation', opacity=1.0, ori=0, pos=array([ 0.,  0.]), rgb=array([ 255.,  255.,  255.]), text=u'+', units=u'norm', win=Window(...), wrapWidth=1)
8.2174 	EXP 	Created ImageNorth = ImageStim(autoLog=True, color=array([ 1.,  1.,  1.]), colorSpace='rgb', contrast=1.0, depth=-2.0, flipHoriz=False, flipVert=False, image='sin', interpolate=True, mask=None, maskParams=None, name='ImageNorth', opacity=1.0, ori=0.0, pos=array([ 0.  ,  0.22]), size=array([ 0.24,  0.32]), texRes=128, units='height', win=Window(...))
8.2212 	EXP 	Created ImageSouth = ImageStim(autoLog=True, color=array([ 1.,  1.,  1.]), colorSpace='rgb', contrast=1.0, depth=-3.0, flipHoriz=False, flipVert=False, image='sin', interpolate=True, mask=None, maskParams=None, name='ImageSouth', opacity=1.0, ori=0.0, pos=array([ 0.  , -0.22]), size=array([ 0.24,  0.32]), texRes=128, units='height', win=Window(...))
8.2248 	EXP 	Created ImageWest = ImageStim(autoLog=True, color=array([ 1.,  1.,  1.]), colorSpace='rgb', contrast=1.0, depth=-4.0, flipHoriz=False, flipVert=False, image='sin', interpolate=True, mask=None, maskParams=None, name='ImageWest', opacity=1.0, ori=0.0, pos=array([-0.3,  0. ]), size=array([ 0.24,  0.32]), texRes=128, units='height', win=Window(...))
8.2284 	EXP 	Created ImageEast = ImageStim(autoLog=True, color=array([ 1.,  1.,  1.]), colorSpace='rgb', contrast=1.0, depth=-5.0, flipHoriz=False, flipVert=False, image='sin', interpolate=True, mask=None, maskParams=None, name='ImageEast', opacity=1.0, ori=0.0, pos=array([ 0.3,  0. ]), size=array([ 0.24,  0.32]), texRes=128, units='height', win=Window(...))
8.2295 	EXP 	Created intertrial_interval = TextStim(alignHoriz='center', alignVert='center', antialias=True, autoLog=True, bold=False, color='white', colorSpace='named', contrast=1.0, depth=-7.0, flipHoriz=False, flipVert=False, font='Arial', fontFiles=[], height=0.1, italic=False, name='intertrial_interval', opacity=1.0, ori=0, pos=array([ 0.,  0.]), rgb=array([ 255.,  255.,  255.]), text='', units=u'norm', win=Window(...), wrapWidth=1)
8.9076 	DATA 	Keypress: space
8.9224 	EXP 	FrameNorth: pos = [-0.3, 0]
8.9224 	EXP 	FrameSouth: pos = [0.3, 0]
8.9224 	EXP 	FrameNorth: autoDraw = True
8.9224 	EXP 	FrameSouth: autoDraw = True
10.5610 	DATA 	Keypress: space
10.5731 	EXP 	FrameNorth: autoDraw = False
10.5731 	EXP 	FrameSouth: autoDraw = False
10.5869 	EXP 	FrameNorth: pos = [0, 0.22]
10.5869 	EXP 	FrameSouth: pos = [0, -0.22]
10.5869 	EXP 	unnamed TextStim: autoDraw = True
10.5869 	EXP 	FrameNorth: autoDraw = True
10.5869 	EXP 	FrameSouth: autoDraw = True
10.8214 	DATA 	Keypress: space
10.8333 	EXP 	FrameNorth: autoDraw = False
10.8333 	EXP 	FrameSouth: autoDraw = False
10.8333 	EXP 	unnamed TextStim: autoDraw = False
11.7866 	DATA 	Keypress: 1
12.5456 	DATA 	Keypress: 2
12.5700 	EXP 	FrameNorth: pos = [-0.3, 0]
12.5700 	EXP 	FrameSouth: pos = [0.3, 0]
13.0175 	DATA 	Keypress: q
13.6157 	DATA 	Keypress: equal
18.6458 	EXP 	FrameNorth: autoDraw = True
18.6458 	EXP 	FrameSouth: autoDraw = True
19.1708 	DATA 	Keypress: 1
20.6387 	EXP 	FrameNorth: autoDraw = False
20.6387 	EXP 	FrameSouth: autoDraw = False
20.6553 	EXP 	PostCueInterval: autoDraw = True
21.7956 	EXP 	Imported lists/trialList_WE1.csv as conditions, 24 conditions, 11 params
21.7960 	EXP 	Created sequence: sequential, trialTypes=24, nReps=1, seed=None
21.9750 	EXP 	New trial (rep=0, index=0): {'facesAreFearful': 1, 'imgNorth': 'stimuli/Faces/F06.pict.jpg', 'ITI': 2.1499999999999999, 'imgSouth': 'stimuli/Faces/F06.pict.jpg', 'targetDimension': 'WE', 'imgWest': 'stimuli/Houses/H09.pict.jpg', 'correctResponse': 'IDENTICAL', 'attendedItemsMatch': 1, 'nonAttendedItemsMatch': 1, 'imgEast': 'stimuli/Houses/H09.pict.jpg', 'facesAreAttended': 0}
21.9878 	EXP 	window1: recordFrameIntervals = False
22.0031 	EXP 	PostCueInterval: autoDraw = False
22.0031 	EXP 	FrameNorth: autoDraw = False
22.0031 	EXP 	FrameSouth: autoDraw = False
22.0031 	EXP 	PostCueInterval: autoDraw = False
22.0031 	EXP 	ImageNorth: image = 'stimuli/Faces/F06.pict.jpg'
22.0031 	EXP 	ImageSouth: image = 'stimuli/Faces/F06.pict.jpg'
22.0031 	EXP 	ImageWest: image = 'stimuli/Houses/H09.pict.jpg'
22.0031 	EXP 	ImageEast: image = 'stimuli/Houses/H09.pict.jpg'
22.0031 	EXP 	Fixation: autoDraw = True
22.0034 	EXP 	window1: recordFrameIntervals = False
23.0151 	EXP 	ImageNorth: autoDraw = True
23.0151 	EXP 	ImageSouth: autoDraw = True
23.0151 	EXP 	ImageWest: autoDraw = True
23.0151 	EXP 	ImageEast: autoDraw = True
23.2315 	EXP 	Fixation: autoDraw = False
23.2315 	EXP 	ImageNorth: autoDraw = False
23.2315 	EXP 	ImageSouth: autoDraw = False
23.2315 	EXP 	ImageWest: autoDraw = False
23.2315 	EXP 	ImageEast: autoDraw = False
23.4586 	DATA 	Keypress: 1
25.1943 	EXP 	intertrial_interval: autoDraw = True
27.3173 	EXP 	New trial (rep=0, index=1): {'facesAreFearful': 1, 'imgNorth': 'stimuli/Faces/F10.pict.jpg', 'ITI': 9.6799999999999997, 'imgSouth': 'stimuli/Faces/F04.pict.jpg', 'targetDimension': 'WE', 'imgWest': 'stimuli/Houses/H20.pict.jpg', 'correctResponse': 'DIFFERENT', 'attendedItemsMatch': 0, 'nonAttendedItemsMatch': 0, 'imgEast': 'stimuli/Houses/H04.pict.jpg', 'facesAreAttended': 0}
27.3350 	EXP 	window1: recordFrameIntervals = False
27.3478 	EXP 	intertrial_interval: autoDraw = False
27.3478 	EXP 	Fixation: autoDraw = False
27.3478 	EXP 	ImageNorth: autoDraw = False
27.3478 	EXP 	ImageSouth: autoDraw = False
27.3478 	EXP 	ImageWest: autoDraw = False
27.3478 	EXP 	ImageEast: autoDraw = False
27.3478 	EXP 	intertrial_interval: autoDraw = False
27.3478 	EXP 	ImageNorth: image = 'stimuli/Faces/F10.pict.jpg'
27.3478 	EXP 	ImageSouth: image = 'stimuli/Faces/F04.pict.jpg'
27.3478 	EXP 	ImageWest: image = 'stimuli/Houses/H20.pict.jpg'
27.3478 	EXP 	ImageEast: image = 'stimuli/Houses/H04.pict.jpg'
27.3478 	EXP 	Fixation: autoDraw = True
27.3481 	EXP 	window1: recordFrameIntervals = False
28.3463 	EXP 	ImageNorth: autoDraw = True
28.3463 	EXP 	ImageSouth: autoDraw = True
28.3463 	EXP 	ImageWest: autoDraw = True
28.3463 	EXP 	ImageEast: autoDraw = True
28.5769 	EXP 	Fixation: autoDraw = False
28.5769 	EXP 	ImageNorth: autoDraw = False
28.5769 	EXP 	ImageSouth: autoDraw = False
28.5769 	EXP 	ImageWest: autoDraw = False
28.5769 	EXP 	ImageEast: autoDraw = False
28.6076 	DATA 	Keypress: 2
29.3977 	DATA 	Keypress: escape
